# 
# Memory Access Trace Generated By Pin
#
0x00007f87500ec103: W 0x00007ffe08172038  8 0     0x7f87500ec108
# The line below is artificially inserted
0x00007f87500ec103: W 0x00007ffe08172048  8 1     0x7f87500ec108
0x00007f87500ecdf4: W 0x00007ffe08172030  8 0                  0
0x00007f87500ecdf8: W 0x00007ffe08172028  8 0                  0
0x00007f87500ecdfd: W 0x00007ffe08172020  8 0                  0
0x00007f87500ecdff: W 0x00007ffe08172018  8 0                  0
0x00007f87500ece01: W 0x00007ffe08172010  8 0                  0
0x00007f87500ece03: W 0x00007ffe08172008  8 0                  0
0x00007f87500ece18: W 0x00007f87501185e0  8 0   0x6c08c0703977c7
0x00007f87500ece1f: R 0x00007f8750118e68  8 0                0xe
0x00007f87500ece29: R 0x00007f8750119000  8 0            0x2de68
0x00007f87500ece30: W 0x00007f87501199f8  8 0     0x7f8750118e68
0x00007f87500ece37: W 0x00007f87501199e8  8 0     0x7f87500eb000
0x00007f87500ecea5: W 0x00007f8750119a98  8 0     0x7f8750118e68
0x00007f87500ecea9: R 0x00007f8750118e78  8 0                0x4
0x00007f87500ecea5: W 0x00007f8750119a48  8 0     0x7f8750118e78
0x00007f87500ecea9: R 0x00007f8750118e88  8 0         0x6ffffef5
0x00007f87500ed229: W 0x00007f8750119c88  8 0     0x7f8750118e88
0x00007f87500ecea9: R 0x00007f8750118e98  8 0                0x5
0x00007f87500ecea5: W 0x00007f8750119a50  8 0     0x7f8750118e98
0x00007f87500ecea9: R 0x00007f8750118ea8  8 0                0x6
0x00007f87500ecea5: W 0x00007f8750119a58  8 0     0x7f8750118ea8
0x00007f87500ecea9: R 0x00007f8750118eb8  8 0                0xa
0x00007f87500ecea5: W 0x00007f8750119a78  8 0     0x7f8750118eb8
0x00007f87500ecea9: R 0x00007f8750118ec8  8 0                0xb
0x00007f87500ecea5: W 0x00007f8750119a80  8 0     0x7f8750118ec8
0x00007f87500ecea9: R 0x00007f8750118ed8  8 0                0x3
0x00007f87500ecea5: W 0x00007f8750119a40  8 0     0x7f8750118ed8
0x00007f87500ecea9: R 0x00007f8750118ee8  8 0                0x2
0x00007f87500ecea5: W 0x00007f8750119a38  8 0     0x7f8750118ee8
0x00007f87500ecea9: R 0x00007f8750118ef8  8 0               0x14
0x00007f87500ecea5: W 0x00007f8750119ac8  8 0     0x7f8750118ef8
0x00007f87500ecea9: R 0x00007f8750118f08  8 0               0x17
0x00007f87500ecea5: W 0x00007f8750119ae0  8 0     0x7f8750118f08
0x00007f87500ecea9: R 0x00007f8750118f18  8 0                0x7
0x00007f87500ecea5: W 0x00007f8750119a60  8 0     0x7f8750118f18
0x00007f87500ecea9: R 0x00007f8750118f28  8 0                0x8
0x00007f87500ecea5: W 0x00007f8750119a68  8 0     0x7f8750118f28
0x00007f87500ecea9: R 0x00007f8750118f38  8 0                0x9
0x00007f87500ecea5: W 0x00007f8750119a70  8 0     0x7f8750118f38
0x00007f87500ecea9: R 0x00007f8750118f48  8 0         0x6ffffffc
0x00007f87500ece8e: W 0x00007f8750119b58  8 0     0x7f8750118f48
0x00007f87500ece92: R 0x00007f8750118f58  8 0         0x6ffffffd
0x00007f87500ece8e: W 0x00007f8750119b50  8 0     0x7f8750118f58
0x00007f87500ece92: R 0x00007f8750118f68  8 0         0x6ffffff0
0x00007f87500ece8e: W 0x00007f8750119bb8  8 0     0x7f8750118f68
0x00007f87500ece92: R 0x00007f8750118f78  8 0         0x6ffffff9
0x00007f87500ece8e: W 0x00007f8750119b70  8 0     0x7f8750118f78
0x00007f87500ece92: R 0x00007f8750118f88  8 0                  0
0x00007f87500ecebf: R 0x00007f8750119a48  8 0     0x7f8750118e78
0x00007f87500ececb: R 0x00007f8750118e80  8 0              0x2f0
0x00007f87500ececb: W 0x00007f8750118e80  8 0     0x7f87500eb2f0
0x00007f87500ececf: R 0x00007f8750119a40  8 0     0x7f8750118ed8
0x00007f87500ecedb: R 0x00007f8750118ee0  8 0            0x2e000
0x00007f87500ecedb: W 0x00007f8750118ee0  8 0     0x7f8750119000
0x00007f87500ecedf: R 0x00007f8750119a50  8 0     0x7f8750118e98
0x00007f87500eceeb: R 0x00007f8750118ea0  8 0              0x7f0
0x00007f87500eceeb: W 0x00007f8750118ea0  8 0     0x7f87500eb7f0
0x00007f87500eceef: R 0x00007f8750119a58  8 0     0x7f8750118ea8
0x00007f87500ecefb: R 0x00007f8750118eb0  8 0              0x4c0
0x00007f87500ecefb: W 0x00007f8750118eb0  8 0     0x7f87500eb4c0
0x00007f87500eceff: R 0x00007f8750119a60  8 0     0x7f8750118f18
0x00007f87500ecf0b: R 0x00007f8750118f20  8 0              0xb00
0x00007f87500ecf0b: W 0x00007f8750118f20  8 0     0x7f87500ebb00
0x00007f87500ecf0f: R 0x00007f8750119ae0  8 0     0x7f8750118f08
0x00007f87500ecf1b: R 0x00007f8750118f10  8 0              0xf20
0x00007f87500ecf1b: W 0x00007f8750118f10  8 0     0x7f87500ebf20
0x00007f87500ecf1f: R 0x00007f8750119bb8  8 0     0x7f8750118f68
0x00007f87500ecf2b: R 0x00007f8750118f70  8 0              0xa14
0x00007f87500ecf2b: W 0x00007f8750118f70  8 0     0x7f87500eba14
0x00007f87500ecf2f: R 0x00007f8750119c88  8 0     0x7f8750118e88
0x00007f87500ecf3b: R 0x00007f8750118e90  8 0              0x3c8
0x00007f87500ecf3b: W 0x00007f8750118e90  8 0     0x7f87500eb3c8
0x00007f87500ecf3f: R 0x00007f8750119ac8  8 0     0x7f8750118ef8
0x00007f87500ecf4b: R 0x00007f8750118f00  8 0                0x7
0x00007f87500ecf56: R 0x00007f8750119a60  8 0     0x7f8750118f18
0x00007f87500ecf62: R 0x00007f8750119a70  8 0     0x7f8750118f38
0x00007f87500ecf69: R 0x00007f8750118f40  8 0               0x18
0x00007f87500ecf74: R 0x00007f8750119b60  8 0                  0
0x00007f87500ecf8e: R 0x00007f8750119b18  8 0                  0
0x00007f87500ecfa8: R 0x00007f8750119b10  8 0                  0
0x00007f87500ecfb6: R 0x00007f8750119aa0  8 0                  0
0x00007f87500ed0b9: R 0x00007f8750118f20  8 0     0x7f87500ebb00
0x00007f87500ed0bd: R 0x00007f8750119a68  8 0     0x7f8750118f28
0x00007f87500ed0c4: R 0x00007f8750119b70  8 0     0x7f8750118f78
0x00007f87500ed0cb: R 0x00007f8750118f30  8 0              0x420
0x00007f87500ed0de: R 0x00007f8750118f80  8 0               0x2a
0x00007f87500ed0ef: R 0x00007f8750119a38  8 0     0x7f8750118ee8
0x00007f87500ed0f6: R 0x00007f8750119ae0  8 0     0x7f8750118f08
0x00007f87500ed100: R 0x00007f8750118ef0  8 0               0xa8
0x00007f87500ed104: R 0x00007f8750118f10  8 0     0x7f87500ebf20
0x00007f87500ed115: R 0x00007f8750119a58  8 0     0x7f8750118ea8
0x00007f87500ed11c: R 0x00007f8750118eb0  8 0     0x7f87500eb4c0
0x00007f87500ed128: R 0x00007f87500ebb00  8 0            0x2d7f0
0x00007f87500ed12e: R 0x00007f87500ebb08  4 0                0x8
0x00007f87500ed138: R 0x00007f87500ebb10  8 0            0x12980
0x00007f87500ed143: W 0x00007f87501187f0  8 0     0x7f87500fd980
0x00007f87500ed128: R 0x00007f87500ebb18  8 0            0x2d7f8
0x00007f87500ed12e: R 0x00007f87500ebb20  4 0                0x8
0x00007f87500ed138: R 0x00007f87500ebb28  8 0            0x13e00
0x00007f87500ed143: W 0x00007f87501187f8  8 0     0x7f87500fee00
0x00007f87500ed128: R 0x00007f87500ebb30  8 0            0x2d800
0x00007f87500ed12e: R 0x00007f87500ebb38  4 0                0x8
0x00007f87500ed138: R 0x00007f87500ebb40  8 0             0xc0d0
0x00007f87500ed143: W 0x00007f8750118800  8 0     0x7f87500f70d0
0x00007f87500ed128: R 0x00007f87500ebb48  8 0            0x2d808
0x00007f87500ed12e: R 0x00007f87500ebb50  4 0                0x8
0x00007f87500ed138: R 0x00007f87500ebb58  8 0            0x15550
0x00007f87500ed143: W 0x00007f8750118808  8 0     0x7f8750100550
0x00007f87500ed128: R 0x00007f87500ebb60  8 0            0x2d810
0x00007f87500ed12e: R 0x00007f87500ebb68  4 0                0x8
0x00007f87500ed138: R 0x00007f87500ebb70  8 0            0x17e90
0x00007f87500ed143: W 0x00007f8750118810  8 0     0x7f8750102e90
0x00007f87500ed128: R 0x00007f87500ebb78  8 0            0x2d818
0x00007f87500ed12e: R 0x00007f87500ebb80  4 0                0x8
0x00007f87500ed138: R 0x00007f87500ebb88  8 0            0x14d40
0x00007f87500ed143: W 0x00007f8750118818  8 0     0x7f87500ffd40
0x00007f87500ed128: R 0x00007f87500ebb90  8 0            0x2d820
0x00007f87500ed12e: R 0x00007f87500ebb98  4 0                0x8
0x00007f87500ed138: R 0x00007f87500ebba0  8 0            0x1d1d0
0x00007f87500ed143: W 0x00007f8750118820  8 0     0x7f87501081d0
0x00007f87500ed128: R 0x00007f87500ebba8  8 0            0x2d8a0
0x00007f87500ed12e: R 0x00007f87500ebbb0  4 0                0x8
0x00007f87500ed138: R 0x00007f87500ebbb8  8 0            0x28658
0x00007f87500ed143: W 0x00007f87501188a0  8 0     0x7f8750113658
0x00007f87500ed128: R 0x00007f87500ebbc0  8 0            0x2d8d8
0x00007f87500ed12e: R 0x00007f87500ebbc8  4 0                0x8
0x00007f87500ed138: R 0x00007f87500ebbd0  8 0            0x25bec
0x00007f87500ed143: W 0x00007f87501188d8  8 0     0x7f8750110bec
0x00007f87500ed128: R 0x00007f87500ebbd8  8 0            0x2d908
0x00007f87500ed12e: R 0x00007f87500ebbe0  4 0                0x8
0x00007f87500ed138: R 0x00007f87500ebbe8  8 0            0x25c08
0x00007f87500ed143: W 0x00007f8750118908  8 0     0x7f8750110c08
0x00007f87500ed128: R 0x00007f87500ebbf0  8 0            0x2d910
0x00007f87500ed12e: R 0x00007f87500ebbf8  4 0                0x8
0x00007f87500ed138: R 0x00007f87500ebc00  8 0            0x25c1f
0x00007f87500ed143: W 0x00007f8750118910  8 0     0x7f8750110c1f
0x00007f87500ed128: R 0x00007f87500ebc08  8 0            0x2d940
0x00007f87500ed12e: R 0x00007f87500ebc10  4 0                0x8
0x00007f87500ed138: R 0x00007f87500ebc18  8 0            0x25c34
0x00007f87500ed143: W 0x00007f8750118940  8 0     0x7f8750110c34
0x00007f87500ed128: R 0x00007f87500ebc20  8 0            0x2d948
0x00007f87500ed12e: R 0x00007f87500ebc28  4 0                0x8
0x00007f87500ed138: R 0x00007f87500ebc30  8 0            0x28680
0x00007f87500ed143: W 0x00007f8750118948  8 0     0x7f8750113680
0x00007f87500ed128: R 0x00007f87500ebc38  8 0            0x2d980
0x00007f87500ed12e: R 0x00007f87500ebc40  4 0                0x8
0x00007f87500ed138: R 0x00007f87500ebc48  8 0            0x25c44
0x00007f87500ed143: W 0x00007f8750118980  8 0     0x7f8750110c44
0x00007f87500ed128: R 0x00007f87500ebc50  8 0            0x2d9b8
0x00007f87500ed12e: R 0x00007f87500ebc58  4 0                0x8
0x00007f87500ed138: R 0x00007f87500ebc60  8 0            0x25c58
0x00007f87500ed143: W 0x00007f87501189b8  8 0     0x7f8750110c58
0x00007f87500ed128: R 0x00007f87500ebc68  8 0            0x2d9f0
0x00007f87500ed12e: R 0x00007f87500ebc70  4 0                0x8
0x00007f87500ed138: R 0x00007f87500ebc78  8 0            0x25c6d
0x00007f87500ed143: W 0x00007f87501189f0  8 0     0x7f8750110c6d
0x00007f87500ed128: R 0x00007f87500ebc80  8 0            0x2da28
0x00007f87500ed12e: R 0x00007f87500ebc88  4 0                0x8
0x00007f87500ed138: R 0x00007f87500ebc90  8 0            0x25c81
0x00007f87500ed143: W 0x00007f8750118a28  8 0     0x7f8750110c81
0x00007f87500ed128: R 0x00007f87500ebc98  8 0            0x2da60
0x00007f87500ed12e: R 0x00007f87500ebca0  4 0                0x8
0x00007f87500ed138: R 0x00007f87500ebca8  8 0            0x25c9e
0x00007f87500ed143: W 0x00007f8750118a60  8 0     0x7f8750110c9e
0x00007f87500ed128: R 0x00007f87500ebcb0  8 0            0x2da90
0x00007f87500ed12e: R 0x00007f87500ebcb8  4 0                0x8
0x00007f87500ed138: R 0x00007f87500ebcc0  8 0            0x25cb3
0x00007f87500ed143: W 0x00007f8750118a90  8 0     0x7f8750110cb3
0x00007f87500ed128: R 0x00007f87500ebcc8  8 0            0x2da98
0x00007f87500ed12e: R 0x00007f87500ebcd0  4 0                0x8
0x00007f87500ed138: R 0x00007f87500ebcd8  8 0            0x286a0
0x00007f87500ed143: W 0x00007f8750118a98  8 0     0x7f87501136a0
0x00007f87500ed128: R 0x00007f87500ebce0  8 0            0x2dad0
0x00007f87500ed12e: R 0x00007f87500ebce8  4 0                0x8
0x00007f87500ed138: R 0x00007f87500ebcf0  8 0            0x25cc3
0x00007f87500ed143: W 0x00007f8750118ad0  8 0     0x7f8750110cc3
0x00007f87500ed128: R 0x00007f87500ebcf8  8 0            0x2db08
0x00007f87500ed12e: R 0x00007f87500ebd00  4 0                0x8
0x00007f87500ed138: R 0x00007f87500ebd08  8 0            0x25cd7
0x00007f87500ed143: W 0x00007f8750118b08  8 0     0x7f8750110cd7
0x00007f87500ed128: R 0x00007f87500ebd10  8 0            0x2db38
0x00007f87500ed12e: R 0x00007f87500ebd18  4 0                0x8
0x00007f87500ed138: R 0x00007f87500ebd20  8 0            0x25cec
0x00007f87500ed143: W 0x00007f8750118b38  8 0     0x7f8750110cec
0x00007f87500ed128: R 0x00007f87500ebd28  8 0            0x2db40
0x00007f87500ed12e: R 0x00007f87500ebd30  4 0                0x8
0x00007f87500ed138: R 0x00007f87500ebd38  8 0            0x25cfa
0x00007f87500ed143: W 0x00007f8750118b40  8 0     0x7f8750110cfa
0x00007f87500ed128: R 0x00007f87500ebd40  8 0            0x2db70
0x00007f87500ed12e: R 0x00007f87500ebd48  4 0                0x8
0x00007f87500ed138: R 0x00007f87500ebd50  8 0            0x25d10
0x00007f87500ed143: W 0x00007f8750118b70  8 0     0x7f8750110d10
0x00007f87500ed128: R 0x00007f87500ebd58  8 0            0x2db78
0x00007f87500ed12e: R 0x00007f87500ebd60  4 0                0x8
0x00007f87500ed138: R 0x00007f87500ebd68  8 0            0x286c8
0x00007f87500ed143: W 0x00007f8750118b78  8 0     0x7f87501136c8
0x00007f87500ed128: R 0x00007f87500ebd70  8 0            0x2dbb0
0x00007f87500ed12e: R 0x00007f87500ebd78  4 0                0x8
0x00007f87500ed138: R 0x00007f87500ebd80  8 0            0x286f8
0x00007f87500ed143: W 0x00007f8750118bb0  8 0     0x7f87501136f8
0x00007f87500ed128: R 0x00007f87500ebd88  8 0            0x2dbe8
0x00007f87500ed12e: R 0x00007f87500ebd90  4 0                0x8
0x00007f87500ed138: R 0x00007f87500ebd98  8 0            0x25d21
0x00007f87500ed143: W 0x00007f8750118be8  8 0     0x7f8750110d21
0x00007f87500ed128: R 0x00007f87500ebda0  8 0            0x2dc20
0x00007f87500ed12e: R 0x00007f87500ebda8  4 0                0x8
0x00007f87500ed138: R 0x00007f87500ebdb0  8 0            0x25d33
0x00007f87500ed143: W 0x00007f8750118c20  8 0     0x7f8750110d33
0x00007f87500ed128: R 0x00007f87500ebdb8  8 0            0x2dc58
0x00007f87500ed12e: R 0x00007f87500ebdc0  4 0                0x8
0x00007f87500ed138: R 0x00007f87500ebdc8  8 0            0x28720
0x00007f87500ed143: W 0x00007f8750118c58  8 0     0x7f8750113720
0x00007f87500ed128: R 0x00007f87500ebdd0  8 0            0x2dc90
0x00007f87500ed12e: R 0x00007f87500ebdd8  4 0                0x8
0x00007f87500ed138: R 0x00007f87500ebde0  8 0            0x25d44
0x00007f87500ed143: W 0x00007f8750118c90  8 0     0x7f8750110d44
0x00007f87500ed128: R 0x00007f87500ebde8  8 0            0x2dcc0
0x00007f87500ed12e: R 0x00007f87500ebdf0  4 0                0x8
0x00007f87500ed138: R 0x00007f87500ebdf8  8 0            0x25d5b
0x00007f87500ed143: W 0x00007f8750118cc0  8 0     0x7f8750110d5b
0x00007f87500ed128: R 0x00007f87500ebe00  8 0            0x2dcc8
0x00007f87500ed12e: R 0x00007f87500ebe08  4 0                0x8
0x00007f87500ed138: R 0x00007f87500ebe10  8 0            0x25d6c
0x00007f87500ed143: W 0x00007f8750118cc8  8 0     0x7f8750110d6c
0x00007f87500ed128: R 0x00007f87500ebe18  8 0            0x2dcf8
0x00007f87500ed12e: R 0x00007f87500ebe20  4 0                0x8
0x00007f87500ed138: R 0x00007f87500ebe28  8 0            0x25d88
0x00007f87500ed143: W 0x00007f8750118cf8  8 0     0x7f8750110d88
0x00007f87500ed128: R 0x00007f87500ebe30  8 0            0x2dd00
0x00007f87500ed12e: R 0x00007f87500ebe38  4 0                0x8
0x00007f87500ed138: R 0x00007f87500ebe40  8 0            0x25d9f
0x00007f87500ed143: W 0x00007f8750118d00  8 0     0x7f8750110d9f
0x00007f87500ed128: R 0x00007f87500ebe48  8 0            0x2dd38
0x00007f87500ed12e: R 0x00007f87500ebe50  4 0                0x8
0x00007f87500ed138: R 0x00007f87500ebe58  8 0            0x25dbd
0x00007f87500ed143: W 0x00007f8750118d38  8 0     0x7f8750110dbd
0x00007f87500ed128: R 0x00007f87500ebe60  8 0            0x2dd70
0x00007f87500ed12e: R 0x00007f87500ebe68  4 0                0x8
0x00007f87500ed138: R 0x00007f87500ebe70  8 0            0x25dd7
0x00007f87500ed143: W 0x00007f8750118d70  8 0     0x7f8750110dd7
0x00007f87500ed128: R 0x00007f87500ebe78  8 0            0x2dda0
0x00007f87500ed12e: R 0x00007f87500ebe80  4 0                0x8
0x00007f87500ed138: R 0x00007f87500ebe88  8 0            0x25def
0x00007f87500ed143: W 0x00007f8750118da0  8 0     0x7f8750110def
0x00007f87500ed128: R 0x00007f87500ebe90  8 0            0x2dda8
0x00007f87500ed12e: R 0x00007f87500ebe98  4 0                0x8
0x00007f87500ed138: R 0x00007f87500ebea0  8 0            0x28748
0x00007f87500ed143: W 0x00007f8750118da8  8 0     0x7f8750113748
0x00007f87500ed128: R 0x00007f87500ebea8  8 0            0x2dde0
0x00007f87500ed12e: R 0x00007f87500ebeb0  4 0                0x8
0x00007f87500ed138: R 0x00007f87500ebeb8  8 0            0x25e01
0x00007f87500ed143: W 0x00007f8750118de0  8 0     0x7f8750110e01
0x00007f87500ed128: R 0x00007f87500ebec0  8 0            0x2de18
0x00007f87500ed12e: R 0x00007f87500ebec8  4 0                0x8
0x00007f87500ed138: R 0x00007f87500ebed0  8 0            0x25e19
0x00007f87500ed143: W 0x00007f8750118e18  8 0     0x7f8750110e19
0x00007f87500ed128: R 0x00007f87500ebed8  8 0            0x2de48
0x00007f87500ed12e: R 0x00007f87500ebee0  4 0                0x8
0x00007f87500ed138: R 0x00007f87500ebee8  8 0            0x25e2c
0x00007f87500ed143: W 0x00007f8750118e48  8 0     0x7f8750110e2c
0x00007f87500ed14b: R 0x00007f8750119bb8  8 0     0x7f8750118f68
0x00007f87500ed187: R 0x00007f87500ebef8  8 0        0xc00000006
0x00007f87500ed18b: R 0x00007f87500ebef0  8 0            0x2dfd8
0x00007f87500ed1b0: R 0x00007f87500eb5e4  1 0               0x11
0x00007f87500ed1b5: R 0x00007f87500eb5e6  2 0               0x18
0x00007f87500ed1ba: R 0x00007f87500eb5e8  8 0            0x2f160
0x00007f87500ed1cd: R 0x00007f87501199e8  8 0     0x7f87500eb000
0x00007f87500ed260: R 0x00007f87500ebf00  8 0                  0
0x00007f87500ed264: W 0x00007f8750118fd8  8 0     0x7f875011a160
0x00007f87500ed187: R 0x00007f87500ebf10  8 0        0x900000006
0x00007f87500ed18b: R 0x00007f87500ebf08  8 0            0x2dfe0
0x00007f87500ed1b0: R 0x00007f87500eb59c  1 0               0x22
0x00007f87500ed1b5: R 0x00007f87500eb59e  2 0                0xe
0x00007f87500ed1ba: R 0x00007f87500eb5a0  8 0            0x1d5f0
0x00007f87500ed1cd: R 0x00007f87501199e8  8 0     0x7f87500eb000
0x00007f87500ed260: R 0x00007f87500ebf18  8 0                  0
0x00007f87500ed264: W 0x00007f8750118fe0  8 0     0x7f87501085f0
0x00007f87500ed187: R 0x00007f87500ebf28  8 0        0x600000007
0x00007f87500ed18b: R 0x00007f87500ebf20  8 0            0x2e018
0x00007f87500ed1b0: R 0x00007f87500eb554  1 0               0x12
0x00007f87500ed1b5: R 0x00007f87500eb556  2 0                0xe
0x00007f87500ed1ba: R 0x00007f87500eb558  8 0            0x1dc40
0x00007f87500ed1cd: R 0x00007f87501199e8  8 0     0x7f87500eb000
0x00007f87500ed260: R 0x00007f87500ebf30  8 0                  0
0x00007f87500ed264: W 0x00007f8750119018  8 0     0x7f8750108c40
0x00007f87500ed187: R 0x00007f87500ebf40  8 0       0x1d00000007
0x00007f87500ed18b: R 0x00007f87500ebf38  8 0            0x2e020
0x00007f87500ed1b0: R 0x00007f87500eb77c  1 0               0x22
0x00007f87500ed1b5: R 0x00007f87500eb77e  2 0                0xe
0x00007f87500ed1ba: R 0x00007f87500eb780  8 0            0x1d490
0x00007f87500ed1cd: R 0x00007f87501199e8  8 0     0x7f87500eb000
0x00007f87500ed260: R 0x00007f87500ebf48  8 0                  0
0x00007f87500ed264: W 0x00007f8750119020  8 0     0x7f8750108490
0x00007f87500ed187: R 0x00007f87500ebf58  8 0        0x200000007
0x00007f87500ed18b: R 0x00007f87500ebf50  8 0            0x2e028
0x00007f87500ed1b0: R 0x00007f87500eb4f4  1 0               0x12
0x00007f87500ed1b5: R 0x00007f87500eb4f6  2 0                0xe
0x00007f87500ed1ba: R 0x00007f87500eb4f8  8 0            0x1da70
0x00007f87500ed1cd: R 0x00007f87501199e8  8 0     0x7f87500eb000
0x00007f87500ed260: R 0x00007f87500ebf60  8 0                  0
0x00007f87500ed264: W 0x00007f8750119028  8 0     0x7f8750108a70
0x00007f87500ed187: R 0x00007f87500ebf70  8 0       0x1100000007
0x00007f87500ed18b: R 0x00007f87500ebf68  8 0            0x2e030
0x00007f87500ed1b0: R 0x00007f87500eb65c  1 0               0x22
0x00007f87500ed1b5: R 0x00007f87500eb65e  2 0                0xe
0x00007f87500ed1ba: R 0x00007f87500eb660  8 0            0x1d5b0
0x00007f87500ed1cd: R 0x00007f87501199e8  8 0     0x7f87500eb000
0x00007f87500ed260: R 0x00007f87500ebf78  8 0                  0
0x00007f87500ed264: W 0x00007f8750119030  8 0     0x7f87501085b0
0x00007f87500ed187: R 0x00007f87500ebf88  8 0        0xa00000007
0x00007f87500ed18b: R 0x00007f87500ebf80  8 0            0x2e038
0x00007f87500ed1b0: R 0x00007f87500eb5b4  1 0               0x22
0x00007f87500ed1b5: R 0x00007f87500eb5b6  2 0                0xe
0x00007f87500ed1ba: R 0x00007f87500eb5b8  8 0            0x1d7e0
0x00007f87500ed1cd: R 0x00007f87501199e8  8 0     0x7f87500eb000
0x00007f87500ed260: R 0x00007f87500ebf90  8 0                  0
0x00007f87500ed264: W 0x00007f8750119038  8 0     0x7f87501087e0
0x00007f87500ed187: R 0x00007f87500ebfa0  8 0       0x1700000007
0x00007f87500ed18b: R 0x00007f87500ebf98  8 0            0x2e040
0x00007f87500ed1b0: R 0x00007f87500eb6ec  1 0               0x12
0x00007f87500ed1b5: R 0x00007f87500eb6ee  2 0                0xe
0x00007f87500ed1ba: R 0x00007f87500eb6f0  8 0            0x1dac0
0x00007f87500ed1cd: R 0x00007f87501199e8  8 0     0x7f87500eb000
0x00007f87500ed260: R 0x00007f87500ebfa8  8 0                  0
0x00007f87500ed264: W 0x00007f8750119040  8 0     0x7f8750108ac0
0x00007f87500ed187: R 0x00007f87500ebfb8  8 0        0x800000007
0x00007f87500ed18b: R 0x00007f87500ebfb0  8 0            0x2e048
0x00007f87500ed1b0: R 0x00007f87500eb584  1 0               0x12
0x00007f87500ed1b5: R 0x00007f87500eb586  2 0                0xe
0x00007f87500ed1ba: R 0x00007f87500eb588  8 0            0x1dd30
0x00007f87500ed1cd: R 0x00007f87501199e8  8 0     0x7f87500eb000
0x00007f87500ed260: R 0x00007f87500ebfc0  8 0                  0
0x00007f87500ed264: W 0x00007f8750119048  8 0     0x7f8750108d30
0x00007f87500ecfdb: R 0x00007f8750119d04  1 0                  0
0x00007f87500ecfdb: W 0x00007f8750119d04  1 0                0x4
0x00007f87500ecff2: W 0x00007f87501185e0  8 0   0x6c08c073033515
0x00007f87500ecff9: W 0x00007ffe08171fc8  8 0     0x7f87500ecffe
0x00007f87500f80a4: R 0x00007f8750119c88  8 0     0x7f8750118e88
0x00007f87500f80b0: R 0x00007f8750118e90  8 0     0x7f87500eb3c8
0x00007f87500f80b4: R 0x00007f87500eb3c8  4 0               0x11
0x00007f87500f80b6: W 0x00007f8750119cdc  4 0               0x11
0x00007f87500f80bc: R 0x00007f87500eb3d0  4 0                0x4
0x00007f87500f80bf: R 0x00007f87500eb3cc  4 0                0x1
0x00007f87500f80cb: W 0x00007f8750119ce0  4 0                0x3
0x00007f87500f80db: R 0x00007f87500eb3d4  4 0                0x8
0x00007f87500f80e2: W 0x00007f8750119ce8  8 0     0x7f87500eb3d8
0x00007f87500f80e9: W 0x00007f8750119cf0  8 0     0x7f87500eb3f8
0x00007f87500f80f4: W 0x00007f8750119ce4  4 0                0x8
0x00007f87500f80fa: W 0x00007f8750119cf8  8 0     0x7f87500eb438
0x00007f87500f8101: R 0x00007ffe08171fc8  8 0     0x7f87500ecffe
0x00007f87500ed00f: W 0x00007f8750119a10  8 0     0x7f87501199e8
0x00007f87500ed01d: W 0x00007f8750119d38  8 0     0x7f87500eb000
0x00007f87500ed02b: W 0x00007f8750119d40  8 0     0x7f875011a190
0x00007f87500ed039: W 0x00007f8750119d48  8 0     0x7f875010e674
0x00007f87500ed040: W 0x00007f8750118e58  8 0     0x7ffe08172030
0x00007f87500ed047: W 0x00007ffe08171fc8  8 0     0x7f87500ed04c
0x00007f87501076f4: W 0x00007ffe08171fc0  8 0     0x7ffe08172040
0x00007f87501076f6: W 0x00007ffe08171fb8  8 0                0x7
0x00007f87501076f8: W 0x00007ffe08171fb0  8 0        0x800000007
0x00007f87501076fa: W 0x00007ffe08171fa8  8 0     0x7f87500eb000
0x00007f87501076fc: W 0x00007ffe08171fa0  8 0     0x7ffe08172030
0x00007f8750107700: W 0x00007ffe08171f98  8 0     0x7f87500ebfc8
0x00007f8750107705: R 0x00007ffe08172040  8 0                0x1
0x00007f8750107708: W 0x00007f8750118e58  8 0     0x7ffe08172040
0x00007f8750107713: W 0x00007f8750118600  8 0     0x7ffe08172048
0x00007f875010771a: W 0x00007f8750118608  4 0                0x1
0x00007f8750107727: W 0x00007f875011a138  8 0     0x7ffe08172058
0x00007f875010772e: R 0x00007ffe08172058  8 0     0x7ffe0817383e
0x00007f875010773b: R 0x00007ffe08172060  8 0     0x7ffe0817384e
0x00007f875010773b: R 0x00007ffe08172068  8 0     0x7ffe081738a7
0x00007f875010773b: R 0x00007ffe08172070  8 0     0x7ffe081738d4
0x00007f875010773b: R 0x00007ffe08172078  8 0     0x7ffe081738e1
0x00007f875010773b: R 0x00007ffe08172080  8 0     0x7ffe081738f6
0x00007f875010773b: R 0x00007ffe08172088  8 0     0x7ffe08173905
0x00007f875010773b: R 0x00007ffe08172090  8 0     0x7ffe08173915
0x00007f875010773b: R 0x00007ffe08172098  8 0     0x7ffe08173941
0x00007f875010773b: R 0x00007ffe081720a0  8 0     0x7ffe08173952
0x00007f875010773b: R 0x00007ffe081720a8  8 0     0x7ffe08173965
0x00007f875010773b: R 0x00007ffe081720b0  8 0     0x7ffe08173999
0x00007f875010773b: R 0x00007ffe081720b8  8 0     0x7ffe081739c8
0x00007f875010773b: R 0x00007ffe081720c0  8 0     0x7ffe081739e2
0x00007f875010773b: R 0x00007ffe081720c8  8 0     0x7ffe081739f9
0x00007f875010773b: R 0x00007ffe081720d0  8 0     0x7ffe08173a0d
0x00007f875010773b: R 0x00007ffe081720d8  8 0     0x7ffe08173a17
0x00007f875010773b: R 0x00007ffe081720e0  8 0     0x7ffe08173a32
0x00007f875010773b: R 0x00007ffe081720e8  8 0     0x7ffe08173a49
0x00007f875010773b: R 0x00007ffe081720f0  8 0     0x7ffe08173a51
0x00007f875010773b: R 0x00007ffe081720f8  8 0     0x7ffe08173a66
0x00007f875010773b: R 0x00007ffe08172100  8 0     0x7ffe08173a8a
0x00007f875010773b: R 0x00007ffe08172108  8 0     0x7ffe08173aaa
0x00007f875010773b: R 0x00007ffe08172110  8 0     0x7ffe08173aeb
0x00007f875010773b: R 0x00007ffe08172118  8 0     0x7ffe08173b53
0x00007f875010773b: R 0x00007ffe08172120  8 0     0x7ffe08173b8e
0x00007f875010773b: R 0x00007ffe08172128  8 0     0x7ffe08173ba2
0x00007f875010773b: R 0x00007ffe08172130  8 0     0x7ffe08173bb1
0x00007f875010773b: R 0x00007ffe08172138  8 0     0x7ffe08173bf1
0x00007f875010773b: R 0x00007ffe08172140  8 0     0x7ffe08173c4b
